<?xml version="1.0" encoding="UTF-8"?>
<!-- Generated by org.testng.reporters.JUnitXMLReporter -->
<testsuite ignored="0" hostname="Home_PC" failures="0" tests="3" name="Default test" time="29.482" errors="0" timestamp="04 Mar 2018 21:42:19 GMT">
  <testcase classname="com.crm.qa.testcases.LoginPageTest" name="loginPageTitleTest" time="0.031"/>
  <testcase classname="com.crm.qa.testcases.LoginPageTest" name="crmLogoImageTest" time="0.068"/>
  <testcase classname="com.crm.qa.testcases.LoginPageTest" name="loginTest" time="6.687"/>
</testsuite> <!-- Default test -->
