<?xml version="1.0" encoding="UTF-8"?>
<testng-results ignored="0" total="3" passed="3" failed="0" skipped="0">
  <reporter-output>
  </reporter-output>
  <suite started-at="2018-03-04T21:41:49Z" name="Default suite" finished-at="2018-03-04T21:42:19Z" duration-ms="29482">
    <groups>
    </groups>
    <test started-at="2018-03-04T21:41:49Z" name="Default test" finished-at="2018-03-04T21:42:19Z" duration-ms="29482">
      <class name="com.crm.qa.testcases.LoginPageTest">
        <test-method is-config="true" signature="setup()[pri:0, instance:com.crm.qa.testcases.LoginPageTest@671a5887]" started-at="2018-03-04T21:41:50Z" name="setup" finished-at="2018-03-04T21:41:58Z" duration-ms="8030" status="PASS">
          <reporter-output>
          </reporter-output>
        </test-method> <!-- setup -->
        <test-method signature="loginPageTitleTest()[pri:1, instance:com.crm.qa.testcases.LoginPageTest@671a5887]" started-at="2018-03-04T21:41:58Z" name="loginPageTitleTest" finished-at="2018-03-04T21:41:58Z" duration-ms="31" status="PASS">
          <reporter-output>
          </reporter-output>
        </test-method> <!-- loginPageTitleTest -->
        <test-method is-config="true" signature="teardown()[pri:0, instance:com.crm.qa.testcases.LoginPageTest@671a5887]" started-at="2018-03-04T21:41:58Z" name="teardown" finished-at="2018-03-04T21:41:58Z" duration-ms="645" status="PASS">
          <reporter-output>
          </reporter-output>
        </test-method> <!-- teardown -->
        <test-method is-config="true" signature="setup()[pri:0, instance:com.crm.qa.testcases.LoginPageTest@671a5887]" started-at="2018-03-04T21:41:58Z" name="setup" finished-at="2018-03-04T21:42:04Z" duration-ms="6089" status="PASS">
          <reporter-output>
          </reporter-output>
        </test-method> <!-- setup -->
        <test-method signature="crmLogoImageTest()[pri:2, instance:com.crm.qa.testcases.LoginPageTest@671a5887]" started-at="2018-03-04T21:42:04Z" name="crmLogoImageTest" finished-at="2018-03-04T21:42:04Z" duration-ms="68" status="PASS">
          <reporter-output>
          </reporter-output>
        </test-method> <!-- crmLogoImageTest -->
        <test-method is-config="true" signature="teardown()[pri:0, instance:com.crm.qa.testcases.LoginPageTest@671a5887]" started-at="2018-03-04T21:42:04Z" name="teardown" finished-at="2018-03-04T21:42:05Z" duration-ms="626" status="PASS">
          <reporter-output>
          </reporter-output>
        </test-method> <!-- teardown -->
        <test-method is-config="true" signature="setup()[pri:0, instance:com.crm.qa.testcases.LoginPageTest@671a5887]" started-at="2018-03-04T21:42:05Z" name="setup" finished-at="2018-03-04T21:42:12Z" duration-ms="6603" status="PASS">
          <reporter-output>
          </reporter-output>
        </test-method> <!-- setup -->
        <test-method signature="loginTest()[pri:3, instance:com.crm.qa.testcases.LoginPageTest@671a5887]" started-at="2018-03-04T21:42:12Z" name="loginTest" finished-at="2018-03-04T21:42:18Z" duration-ms="6687" status="PASS">
          <reporter-output>
          </reporter-output>
        </test-method> <!-- loginTest -->
        <test-method is-config="true" signature="teardown()[pri:0, instance:com.crm.qa.testcases.LoginPageTest@671a5887]" started-at="2018-03-04T21:42:18Z" name="teardown" finished-at="2018-03-04T21:42:19Z" duration-ms="660" status="PASS">
          <reporter-output>
          </reporter-output>
        </test-method> <!-- teardown -->
      </class> <!-- com.crm.qa.testcases.LoginPageTest -->
    </test> <!-- Default test -->
  </suite> <!-- Default suite -->
</testng-results>
