<?xml version="1.0" encoding="UTF-8"?>
<!-- Generated by org.testng.reporters.JUnitXMLReporter -->
<testsuite ignored="0" hostname="Home_PC" failures="0" tests="3" name="Free CRM App Test Cases" time="29.034" errors="0" timestamp="04 Mar 2018 11:45:33 GMT">
  <testcase classname="com.crm.qa.testcases.LoginPageTest" name="loginPageTitleTest" time="0.032"/>
  <testcase classname="com.crm.qa.testcases.LoginPageTest" name="crmLogoImageTest" time="0.057"/>
  <testcase classname="com.crm.qa.testcases.LoginPageTest" name="loginTest" time="7.282"/>
</testsuite> <!-- Free CRM App Test Cases -->
